<?xml version="1.0" encoding="UTF-8"?>
<!-- Generated by org.testng.reporters.JUnitReportReporter -->
<testsuite hostname="DESKTOP-A6LNTTJ" failures="0" tests="4" name="Test.UserManagementTest" time="188.398" errors="0" timestamp="2022-12-03T14:49:48 IST" skipped="0">
  <testcase classname="Test.UserManagementTest" name="addStudent" time="46.637"/>
  <system-out/>
  <testcase classname="Test.UserManagementTest" name="addTeacher" time="49.275"/>
  <system-out/>
  <testcase classname="Test.UserManagementTest" name="addDataOperator" time="47.817"/>
  <system-out/>
  <testcase classname="Test.UserManagementTest" name="addOpeartion" time="44.669"/>
  <system-out/>
</testsuite> <!-- Test.UserManagementTest -->
